<?xml version="1.0" encoding="UTF-8"?>
<testsuite xmlns:xsi="http://www.w3.org/2001/XMLSchema-instance" xsi:noNamespaceSchemaLocation="https://maven.apache.org/surefire/maven-surefire-plugin/xsd/surefire-test-report.xsd" name="com.yakushkin.aqa_demo.junit.AqaDemoApplicationTest" time="19.724" tests="2" errors="0" skipped="0" failures="1">
  <properties>
[...]
</properties>
  <testcase name="openOnlinerHome" classname="com.yakushkin.aqa_demo.junit.AqaDemoApplicationTest" time="13.847">
    <failure message="Page should have title Onlínerr&#10;Actual value: Onlíner&#10;Screenshot: file:/D:/Projects/aqa_demo/build/reports/tests/1684973683098.0.png&#10;Page source: file:/D:/Projects/aqa_demo/build/reports/tests/1684973683098.0.html&#10;Timeout: 10 s." type="com.codeborne.selenide.ex.ConditionNotMetException">com.codeborne.selenide.ex.ConditionNotMetException: 
Page should have title Onlínerr
Actual value: Onlíner
Screenshot: file:/D:/Projects/aqa_demo/build/reports/tests/1684973683098.0.png
Page source: file:/D:/Projects/aqa_demo/build/reports/tests/1684973683098.0.html
Timeout: 10 s.
	at com.yakushkin.aqa_demo.junit.AqaDemoApplicationTest.lambda$openOnlinerHome$1(AqaDemoApplicationTest.java:34)
	at com.yakushkin.aqa_demo.junit.AqaDemoApplicationTest.openOnlinerHome(AqaDemoApplicationTest.java:32)
</failure>
    <system-out><![CDATA[03:14:25.584 [main] INFO org.springframework.test.context.support.AnnotationConfigContextLoaderUtils -- Could not detect default configuration classes for test class [com.yakushkin.aqa_demo.junit.AqaDemoApplicationTest]: AqaDemoApplicationTest does not declare any static, non-private, non-final, nested classes annotated with @Configuration.
03:14:25.719 [main] INFO org.springframework.boot.test.context.SpringBootTestContextBootstrapper -- Found @SpringBootConfiguration com.yakushkin.aqa_demo.AqaDemoApplication for test class com.yakushkin.aqa_demo.junit.AqaDemoApplicationTest
03:14:25.985 [main] INFO com.codeborne.selenide.impl.WebDriverThreadLocalContainer -- No webdriver is bound to current thread: 1 - let's create a new webdriver
03:14:28.511 [main] INFO com.codeborne.selenide.webdriver.WebDriverFactory -- BrowserName=msedge Version=112.0.1722.39 Platform=LINUX
03:14:28.511 [main] INFO com.codeborne.selenide.webdriver.WebDriverFactory -- Selenide v. 6.12.3
03:14:28.511 [main] INFO com.codeborne.selenide.webdriver.WebDriverFactory -- Selenium WebDriver v. 4.8.3 build revision: e5e76298c3
03:14:28.511 [main] INFO com.codeborne.selenide.drivercommands.CreateDriverCommand -- Created webdriver in thread 1: RemoteWebDriver -> RemoteWebDriver: msedge on LINUX (9d001623910ee9cf270754c466740466)
03:14:28.514 [main] INFO com.codeborne.selenide.drivercommands.DisposablesRegistry -- Register WebDriverInstance[config=StaticConfig,webDriver=RemoteWebDriver: msedge on LINUX (9d001623910ee9cf270754c466740466),proxy=null,downloadsFolder=null] in 1 [size=1]
03:14:28.514 [main] INFO com.codeborne.selenide.drivercommands.DisposablesRegistry -- Add shutdown hook in 1 [size=1]

  .   ____          _            __ _ _
 /\\ / ___'_ __ _ _(_)_ __  __ _ \ \ \ \
( ( )\___ | '_ | '_| | '_ \/ _` | \ \ \ \
 \\/  ___)| |_)| | | | | || (_| |  ) ) ) )
  '  |____| .__|_| |_|_| |_\__, | / / / /
 =========|_|==============|___/=/_/_/_/
 :: Spring Boot ::                (v3.1.0)

2023-05-25T03:14:29.031+03:00  INFO 2188 --- [           main] c.y.a.junit.AqaDemoApplicationTest       : Starting AqaDemoApplicationTest using Java 18.0.1.1 with PID 2188 (started by Maxim in D:\Projects\aqa_demo)
2023-05-25T03:14:29.034+03:00  INFO 2188 --- [           main] c.y.a.junit.AqaDemoApplicationTest       : The following 1 profile is active: "test"
2023-05-25T03:14:30.387+03:00  INFO 2188 --- [           main] c.y.a.junit.AqaDemoApplicationTest       : Started AqaDemoApplicationTest in 1.698 seconds (process running for 6.633)
]]></system-out>
  </testcase>
  <testcase name="openOnlinerCatalog" classname="com.yakushkin.aqa_demo.junit.AqaDemoApplicationTest" time="0.886"/>
</testsuite>