<?xml version="1.0" encoding="UTF-8"?>
<testsuite xmlns:xsi="http://www.w3.org/2001/XMLSchema-instance" xsi:noNamespaceSchemaLocation="https://maven.apache.org/surefire/maven-surefire-plugin/xsd/surefire-test-report.xsd" name="com.yakushkin.cucumber.testng.runner.CucumberTestRunner" time="23.684" tests="2" errors="0" skipped="0" failures="0">
  <properties>
[...]
</properties>
  <testcase name="runScenario" classname="com.yakushkin.cucumber.testng.runner.CucumberTestRunner" time="14.745"/>
  <testcase name="runScenario" classname="com.yakushkin.cucumber.testng.runner.CucumberTestRunner" time="7.022"/>
</testsuite>