<?xml version="1.0" encoding="UTF-8"?>
<testng-results ignored="0" total="2" passed="2" failed="0" skipped="0">
  <reporter-output>
  </reporter-output>
  <suite started-at="2023-05-28T01:36:15 MSK" name="Surefire suite" finished-at="2023-05-28T01:36:38 MSK" duration-ms="22663">
    <groups>
      <group name="cucumber">
        <method signature="AbstractTestNGCucumberTests.runScenario(io.cucumber.testng.PickleWrapper,io.cucumber.testng.FeatureWrapper)[pri:0, instance:com.yakushkin.cucumber.testng.runner.CucumberTestRunner@59429fac]" name="runScenario" class="io.cucumber.testng.AbstractTestNGCucumberTests"/>
      </group> <!-- cucumber -->
    </groups>
    <test started-at="2023-05-28T01:36:15 MSK" name="Surefire test" finished-at="2023-05-28T01:36:38 MSK" duration-ms="22663">
      <class name="com.yakushkin.cucumber.testng.runner.CucumberTestRunner">
        <test-method is-config="true" signature="setUpClass(org.testng.ITestContext)[pri:0, instance:com.yakushkin.cucumber.testng.runner.CucumberTestRunner@59429fac]" started-at="2023-05-28T01:36:16 MSK" name="setUpClass" finished-at="2023-05-28T01:36:16 MSK" duration-ms="773" status="PASS">
          <params>
            <param index="0">
              <value>
                <![CDATA[org.testng.TestRunner@36ce6ed8]]>
              </value>
            </param>
          </params>
          <reporter-output>
          </reporter-output>
        </test-method> <!-- setUpClass -->
        <test-method signature="runScenario(io.cucumber.testng.PickleWrapper,io.cucumber.testng.FeatureWrapper)[pri:0, instance:com.yakushkin.cucumber.testng.runner.CucumberTestRunner@59429fac]" started-at="2023-05-28T01:36:16 MSK" name="runScenario" description="Runs Cucumber Scenarios" data-provider="scenarios" finished-at="2023-05-28T01:36:31 MSK" duration-ms="14634" status="PASS">
          <params>
            <param index="0">
              <value>
                <![CDATA["Shopping cart should contains selected product by click on 'В корзину' button"]]>
              </value>
            </param>
            <param index="1">
              <value>
                <![CDATA["As an open web user"]]>
              </value>
            </param>
          </params>
          <reporter-output>
          </reporter-output>
        </test-method> <!-- runScenario -->
        <test-method signature="runScenario(io.cucumber.testng.PickleWrapper,io.cucumber.testng.FeatureWrapper)[pri:0, instance:com.yakushkin.cucumber.testng.runner.CucumberTestRunner@59429fac]" started-at="2023-05-28T01:36:31 MSK" name="runScenario" description="Runs Cucumber Scenarios" data-provider="scenarios" finished-at="2023-05-28T01:36:38 MSK" duration-ms="7020" status="PASS">
          <params>
            <param index="0">
              <value>
                <![CDATA["Shopping cart should contains selected product by click on 'В корзину' button"]]>
              </value>
            </param>
            <param index="1">
              <value>
                <![CDATA["As an open web user"]]>
              </value>
            </param>
          </params>
          <reporter-output>
          </reporter-output>
        </test-method> <!-- runScenario -->
        <test-method is-config="true" signature="tearDownClass()[pri:0, instance:com.yakushkin.cucumber.testng.runner.CucumberTestRunner@59429fac]" started-at="2023-05-28T01:36:38 MSK" name="tearDownClass" finished-at="2023-05-28T01:36:38 MSK" duration-ms="70" status="PASS">
          <reporter-output>
          </reporter-output>
        </test-method> <!-- tearDownClass -->
      </class> <!-- com.yakushkin.cucumber.testng.runner.CucumberTestRunner -->
    </test> <!-- Surefire test -->
  </suite> <!-- Surefire suite -->
</testng-results>
