<?xml version="1.0" encoding="UTF-8"?>
<testsuite xmlns:xsi="http://www.w3.org/2001/XMLSchema-instance" xsi:noNamespaceSchemaLocation="https://maven.apache.org/surefire/maven-surefire-plugin/xsd/surefire-test-report.xsd" name="com.yakushkin.cucumber.testng.runner.CucumberTestRunner" time="46.925" tests="2" errors="0" skipped="0" failures="2">
  <properties>
[...]
</properties>
  <testcase name="runScenario" classname="com.yakushkin.cucumber.testng.runner.CucumberTestRunner" time="25.821">
    <failure message="TimedPromise timed out after 20000 ms&#10;Build info: version: &apos;4.8.3&apos;, revision: &apos;e5e76298c3&apos;&#10;System info: os.name: &apos;Windows 11&apos;, os.arch: &apos;amd64&apos;, os.version: &apos;10.0&apos;, java.version: &apos;18.0.1.1&apos;&#10;selenide.remote: http://localhost:6672/wd/hub&#10;Driver info: org.openqa.selenium.remote.RemoteWebDriver&#10;Command: [d080f0ba-52ca-4bcc-8c6e-ec88ae6524c5, get {url=https://catalog.onliner.by/videocard/gigabyte/gvn407teagleoc12}]&#10;selenide.url: https://catalog.onliner.by/videocard/gigabyte/gvn407teagleoc12&#10;Capabilities {acceptInsecureCerts: true, browserName: firefox, browserVersion: 112.0, moz:accessibilityChecks: false, moz:buildID: 20230406114409, moz:debuggerAddress: 127.0.0.1:9222, moz:geckodriverVersion: 0.33.0, moz:headless: false, moz:platformVersion: 5.10.16.3-microsoft-standar..., moz:processID: 77, moz:profile: /tmp/rust_mozprofileBbPhX3, moz:shutdownTimeout: 60000, moz:useNonSpecCompliantPointerOrigin: false, moz:webdriverClick: true, moz:windowless: false, pageLoadStrategy: normal, platformName: LINUX, proxy: Proxy(), setWindowRect: true, strictFileInteractability: false, timeouts: {implicit: 0, pageLoad: 300000, script: 30000}, unhandledPromptBehavior: accept}&#10;selenide.baseUrl: http://localhost:8080&#10;Session ID: d080f0ba-52ca-4bcc-8c6e-ec88ae6524c5" type="org.openqa.selenium.TimeoutException">org.openqa.selenium.TimeoutException: 
TimedPromise timed out after 20000 ms
Build info: version: '4.8.3', revision: 'e5e76298c3'
System info: os.name: 'Windows 11', os.arch: 'amd64', os.version: '10.0', java.version: '18.0.1.1'
selenide.remote: http://localhost:6672/wd/hub
Driver info: org.openqa.selenium.remote.RemoteWebDriver
Command: [d080f0ba-52ca-4bcc-8c6e-ec88ae6524c5, get {url=https://catalog.onliner.by/videocard/gigabyte/gvn407teagleoc12}]
selenide.url: https://catalog.onliner.by/videocard/gigabyte/gvn407teagleoc12
Capabilities {acceptInsecureCerts: true, browserName: firefox, browserVersion: 112.0, moz:accessibilityChecks: false, moz:buildID: 20230406114409, moz:debuggerAddress: 127.0.0.1:9222, moz:geckodriverVersion: 0.33.0, moz:headless: false, moz:platformVersion: 5.10.16.3-microsoft-standar..., moz:processID: 77, moz:profile: /tmp/rust_mozprofileBbPhX3, moz:shutdownTimeout: 60000, moz:useNonSpecCompliantPointerOrigin: false, moz:webdriverClick: true, moz:windowless: false, pageLoadStrategy: normal, platformName: LINUX, proxy: Proxy(), setWindowRect: true, strictFileInteractability: false, timeouts: {implicit: 0, pageLoad: 300000, script: 30000}, unhandledPromptBehavior: accept}
selenide.baseUrl: http://localhost:8080
Session ID: d080f0ba-52ca-4bcc-8c6e-ec88ae6524c5
</failure>
    <system-out><![CDATA[Cucumber was STARTED successfully
17:00:14.857 [main] INFO org.springframework.test.context.support.AnnotationConfigContextLoaderUtils -- Could not detect default configuration classes for test class [com.yakushkin.cucumber.testng.step.ShoppingCartStep]: ShoppingCartStep does not declare any static, non-private, non-final, nested classes annotated with @Configuration.
17:00:14.943 [main] INFO org.springframework.boot.test.context.SpringBootTestContextBootstrapper -- Found @SpringBootConfiguration com.yakushkin.DemoCucumberApplication for test class com.yakushkin.cucumber.testng.step.ShoppingCartStep

  .   ____          _            __ _ _
 /\\ / ___'_ __ _ _(_)_ __  __ _ \ \ \ \
( ( )\___ | '_ | '_| | '_ \/ _` | \ \ \ \
 \\/  ___)| |_)| | | | | || (_| |  ) ) ) )
  '  |____| .__|_| |_|_| |_\__, | / / / /
 =========|_|==============|___/=/_/_/_/
 :: Spring Boot ::                (v3.1.0)

2023-05-29T17:00:15.250+03:00  INFO 20952 --- [           main] c.y.c.testng.step.ShoppingCartStep       : Starting ShoppingCartStep using Java 18.0.1.1 with PID 20952 (D:\Projects\aqa_demo\demo_cucumber\target\test-classes started by Maxim in D:\Projects\aqa_demo\demo_cucumber)
2023-05-29T17:00:15.251+03:00  INFO 20952 --- [           main] c.y.c.testng.step.ShoppingCartStep       : No active profile set, falling back to 1 default profile: "default"
2023-05-29T17:00:15.820+03:00  INFO 20952 --- [           main] c.y.c.AppCucumberConfiguration           : 
===== WebDriver configuration =====
browser: [firefox]
page load timeout: [20000]
remote mode: [true]
remote URL: [http://localhost:6672/wd/hub]
assertion mode: [SOFT]

2023-05-29T17:00:15.841+03:00  INFO 20952 --- [           main] c.c.s.i.WebDriverThreadLocalContainer    : No webdriver is bound to current thread: 1 - let's create a new webdriver
2023-05-29T17:00:19.115+03:00  INFO 20952 --- [           main] c.c.selenide.webdriver.BrowserResizer    : Set browser size to 1366x768
2023-05-29T17:00:19.157+03:00  INFO 20952 --- [           main] c.c.selenide.webdriver.WebDriverFactory  : BrowserName=firefox Version=112.0 Platform=LINUX
2023-05-29T17:00:19.158+03:00  INFO 20952 --- [           main] c.c.selenide.webdriver.WebDriverFactory  : Selenide v. 6.12.3
2023-05-29T17:00:19.158+03:00  INFO 20952 --- [           main] c.c.selenide.webdriver.WebDriverFactory  : Selenium WebDriver v. 4.8.3 build revision: e5e76298c3
2023-05-29T17:00:19.158+03:00  INFO 20952 --- [           main] c.c.s.d.CreateDriverCommand              : Created webdriver in thread 1: RemoteWebDriver -> RemoteWebDriver: firefox on LINUX (d080f0ba-52ca-4bcc-8c6e-ec88ae6524c5)
2023-05-29T17:00:19.159+03:00  INFO 20952 --- [           main] c.c.s.d.DisposablesRegistry              : Register WebDriverInstance[config=StaticConfig,webDriver=RemoteWebDriver: firefox on LINUX (d080f0ba-52ca-4bcc-8c6e-ec88ae6524c5),proxy=null,downloadsFolder=null] in 1 [size=1]
2023-05-29T17:00:19.159+03:00  INFO 20952 --- [           main] c.c.s.d.DisposablesRegistry              : Add shutdown hook in 1 [size=1]
2023-05-29T17:00:19.843+03:00  INFO 20952 --- [           main] c.y.c.testng.step.ShoppingCartStep       : Started ShoppingCartStep in 4.809 seconds (process running for 6.045)
2023-05-29T17:00:19.849+03:00  INFO 20952 --- [           main] com.yakushkin.framework.DriverManager    : 
===== WebDriver configuration =====
browser: [chrome]
page load timeout: [20000]
remote mode: [true]
remote URL: [http://localhost:6672/wd/hub]
assertion mode: [SOFT]


@Scenario_1
Scenario Outline: Shopping cart should contains selected product by click on 'В корзину' button           # com/yakushkin/cucumber/testng/feature/addItemToShopCart.feature:15
  Given the user opened any product page "https://catalog.onliner.by/videocard/gigabyte/gvn407teagleoc12" # com.yakushkin.cucumber.testng.step.ShoppingCartStep.userOpenedAnyProductPage(java.lang.String)
      org.openqa.selenium.TimeoutException: TimedPromise timed out after 20000 ms
Build info: version: '4.8.3', revision: 'e5e76298c3'
System info: os.name: 'Windows 11', os.arch: 'amd64', os.version: '10.0', java.version: '18.0.1.1'
selenide.remote: http://localhost:6672/wd/hub
Driver info: org.openqa.selenium.remote.RemoteWebDriver
Command: [d080f0ba-52ca-4bcc-8c6e-ec88ae6524c5, get {url=https://catalog.onliner.by/videocard/gigabyte/gvn407teagleoc12}]
selenide.url: https://catalog.onliner.by/videocard/gigabyte/gvn407teagleoc12
Capabilities {acceptInsecureCerts: true, browserName: firefox, browserVersion: 112.0, moz:accessibilityChecks: false, moz:buildID: 20230406114409, moz:debuggerAddress: 127.0.0.1:9222, moz:geckodriverVersion: 0.33.0, moz:headless: false, moz:platformVersion: 5.10.16.3-microsoft-standar..., moz:processID: 77, moz:profile: /tmp/rust_mozprofileBbPhX3, moz:shutdownTimeout: 60000, moz:useNonSpecCompliantPointerOrigin: false, moz:webdriverClick: true, moz:windowless: false, pageLoadStrategy: normal, platformName: LINUX, proxy: Proxy(), setWindowRect: true, strictFileInteractability: false, timeouts: {implicit: 0, pageLoad: 300000, script: 30000}, unhandledPromptBehavior: accept}
selenide.baseUrl: http://localhost:8080
Session ID: d080f0ba-52ca-4bcc-8c6e-ec88ae6524c5
	at java.base/jdk.internal.reflect.DirectConstructorHandleAccessor.newInstance(DirectConstructorHandleAccessor.java:67)
	at java.base/java.lang.reflect.Constructor.newInstanceWithCaller(Constructor.java:499)
	at java.base/java.lang.reflect.Constructor.newInstance(Constructor.java:483)
	at org.openqa.selenium.remote.codec.w3c.W3CHttpResponseCodec.createException(W3CHttpResponseCodec.java:200)
	at org.openqa.selenium.remote.codec.w3c.W3CHttpResponseCodec.decode(W3CHttpResponseCodec.java:133)
	at org.openqa.selenium.remote.codec.w3c.W3CHttpResponseCodec.decode(W3CHttpResponseCodec.java:53)
	at org.openqa.selenium.remote.HttpCommandExecutor.execute(HttpCommandExecutor.java:193)
	at org.openqa.selenium.remote.RemoteWebDriver.execute(RemoteWebDriver.java:543)
	at org.openqa.selenium.remote.RemoteWebDriver.get(RemoteWebDriver.java:297)
	at org.openqa.selenium.remote.RemoteWebDriver$RemoteNavigation.to(RemoteWebDriver.java:982)
	at com.codeborne.selenide.drivercommands.Navigator.lambda$navigateTo$0(Navigator.java:74)
	at com.codeborne.selenide.logevents.SelenideLogger.run(SelenideLogger.java:105)
	at com.codeborne.selenide.drivercommands.Navigator.navigateTo(Navigator.java:70)
	at com.codeborne.selenide.drivercommands.Navigator.open(Navigator.java:32)
	at com.codeborne.selenide.SelenideDriver.open(SelenideDriver.java:101)
	at com.codeborne.selenide.Selenide.open(Selenide.java:52)
	at com.yakushkin.onliner.pageobject.ProductPage.openByUrl(ProductPage.java:18)
	at com.yakushkin.cucumber.testng.step.ShoppingCartStep.userOpenedAnyProductPage(ShoppingCartStep.java:28)
	at ✽.the user opened any product page "https://catalog.onliner.by/videocard/gigabyte/gvn407teagleoc12"(classpath:com/yakushkin/cucumber/testng/feature/addItemToShopCart.feature:6)

  When the user clicks on "В корзину" button from any supplier                                            # com.yakushkin.cucumber.testng.step.ShoppingCartStep.userClicksOnButton(java.lang.String)
  And the user close recommended sidebar if it displayed                                                  # com.yakushkin.cucumber.testng.step.ShoppingCartStep.userCloseRecommendedSideBar()
  And the user click on shopping cart icon                                                                # com.yakushkin.cucumber.testng.step.ShoppingCartStep.userClickOnShoppingCartIcon()
  Then the shopping cart contains the previously selected product                                         # com.yakushkin.cucumber.testng.step.ShoppingCartStep.verifyShoppingCartContainsThePreviouslySelectedProduct()
  Then the product page contains button with "В корзине" name for previously selected supplier            # com.yakushkin.cucumber.testng.step.ShoppingCartStep.verifyProductPageContainsButtonWithName(java.lang.String)

    Embedding Shopping cart should contains selected product by click on 'В корзину' button [image/png 148338 bytes]

]]></system-out>
  </testcase>
  <testcase name="runScenario" classname="com.yakushkin.cucumber.testng.runner.CucumberTestRunner" time="20.137">
    <failure message="TimedPromise timed out after 20000 ms&#10;Build info: version: &apos;4.8.3&apos;, revision: &apos;e5e76298c3&apos;&#10;System info: os.name: &apos;Windows 11&apos;, os.arch: &apos;amd64&apos;, os.version: &apos;10.0&apos;, java.version: &apos;18.0.1.1&apos;&#10;selenide.remote: http://localhost:6672/wd/hub&#10;Driver info: org.openqa.selenium.remote.RemoteWebDriver&#10;Command: [d080f0ba-52ca-4bcc-8c6e-ec88ae6524c5, get {url=https://catalog.onliner.by/mobile/xiaomi/mi1312256gllg}]&#10;selenide.url: https://catalog.onliner.by/mobile/xiaomi/mi1312256gllg&#10;Capabilities {acceptInsecureCerts: true, browserName: firefox, browserVersion: 112.0, moz:accessibilityChecks: false, moz:buildID: 20230406114409, moz:debuggerAddress: 127.0.0.1:9222, moz:geckodriverVersion: 0.33.0, moz:headless: false, moz:platformVersion: 5.10.16.3-microsoft-standar..., moz:processID: 77, moz:profile: /tmp/rust_mozprofileBbPhX3, moz:shutdownTimeout: 60000, moz:useNonSpecCompliantPointerOrigin: false, moz:webdriverClick: true, moz:windowless: false, pageLoadStrategy: normal, platformName: LINUX, proxy: Proxy(), setWindowRect: true, strictFileInteractability: false, timeouts: {implicit: 0, pageLoad: 300000, script: 30000}, unhandledPromptBehavior: accept}&#10;selenide.baseUrl: http://localhost:8080&#10;Session ID: d080f0ba-52ca-4bcc-8c6e-ec88ae6524c5" type="org.openqa.selenium.TimeoutException">org.openqa.selenium.TimeoutException: 
TimedPromise timed out after 20000 ms
Build info: version: '4.8.3', revision: 'e5e76298c3'
System info: os.name: 'Windows 11', os.arch: 'amd64', os.version: '10.0', java.version: '18.0.1.1'
selenide.remote: http://localhost:6672/wd/hub
Driver info: org.openqa.selenium.remote.RemoteWebDriver
Command: [d080f0ba-52ca-4bcc-8c6e-ec88ae6524c5, get {url=https://catalog.onliner.by/mobile/xiaomi/mi1312256gllg}]
selenide.url: https://catalog.onliner.by/mobile/xiaomi/mi1312256gllg
Capabilities {acceptInsecureCerts: true, browserName: firefox, browserVersion: 112.0, moz:accessibilityChecks: false, moz:buildID: 20230406114409, moz:debuggerAddress: 127.0.0.1:9222, moz:geckodriverVersion: 0.33.0, moz:headless: false, moz:platformVersion: 5.10.16.3-microsoft-standar..., moz:processID: 77, moz:profile: /tmp/rust_mozprofileBbPhX3, moz:shutdownTimeout: 60000, moz:useNonSpecCompliantPointerOrigin: false, moz:webdriverClick: true, moz:windowless: false, pageLoadStrategy: normal, platformName: LINUX, proxy: Proxy(), setWindowRect: true, strictFileInteractability: false, timeouts: {implicit: 0, pageLoad: 300000, script: 30000}, unhandledPromptBehavior: accept}
selenide.baseUrl: http://localhost:8080
Session ID: d080f0ba-52ca-4bcc-8c6e-ec88ae6524c5
</failure>
    <system-out><![CDATA[2023-05-29T17:00:40.620+03:00  INFO 20952 --- [           main] t.c.s.AnnotationConfigContextLoaderUtils : Could not detect default configuration classes for test class [com.yakushkin.cucumber.testng.step.ShoppingCartStep]: ShoppingCartStep does not declare any static, non-private, non-final, nested classes annotated with @Configuration.
2023-05-29T17:00:40.621+03:00  INFO 20952 --- [           main] .b.t.c.SpringBootTestContextBootstrapper : Found @SpringBootConfiguration com.yakushkin.DemoCucumberApplication for test class com.yakushkin.cucumber.testng.step.ShoppingCartStep
2023-05-29T17:00:40.622+03:00  INFO 20952 --- [           main] com.yakushkin.framework.DriverManager    : 
===== WebDriver configuration =====
browser: [chrome]
page load timeout: [20000]
remote mode: [true]
remote URL: [http://localhost:6672/wd/hub]
assertion mode: [SOFT]


@Scenario_1
Scenario Outline: Shopping cart should contains selected product by click on 'В корзину' button   # com/yakushkin/cucumber/testng/feature/addItemToShopCart.feature:16
  Given the user opened any product page "https://catalog.onliner.by/mobile/xiaomi/mi1312256gllg" # com.yakushkin.cucumber.testng.step.ShoppingCartStep.userOpenedAnyProductPage(java.lang.String)
      org.openqa.selenium.TimeoutException: TimedPromise timed out after 20000 ms
Build info: version: '4.8.3', revision: 'e5e76298c3'
System info: os.name: 'Windows 11', os.arch: 'amd64', os.version: '10.0', java.version: '18.0.1.1'
selenide.remote: http://localhost:6672/wd/hub
Driver info: org.openqa.selenium.remote.RemoteWebDriver
Command: [d080f0ba-52ca-4bcc-8c6e-ec88ae6524c5, get {url=https://catalog.onliner.by/mobile/xiaomi/mi1312256gllg}]
selenide.url: https://catalog.onliner.by/mobile/xiaomi/mi1312256gllg
Capabilities {acceptInsecureCerts: true, browserName: firefox, browserVersion: 112.0, moz:accessibilityChecks: false, moz:buildID: 20230406114409, moz:debuggerAddress: 127.0.0.1:9222, moz:geckodriverVersion: 0.33.0, moz:headless: false, moz:platformVersion: 5.10.16.3-microsoft-standar..., moz:processID: 77, moz:profile: /tmp/rust_mozprofileBbPhX3, moz:shutdownTimeout: 60000, moz:useNonSpecCompliantPointerOrigin: false, moz:webdriverClick: true, moz:windowless: false, pageLoadStrategy: normal, platformName: LINUX, proxy: Proxy(), setWindowRect: true, strictFileInteractability: false, timeouts: {implicit: 0, pageLoad: 300000, script: 30000}, unhandledPromptBehavior: accept}
selenide.baseUrl: http://localhost:8080
Session ID: d080f0ba-52ca-4bcc-8c6e-ec88ae6524c5
	at java.base/jdk.internal.reflect.DirectConstructorHandleAccessor.newInstance(DirectConstructorHandleAccessor.java:67)
	at java.base/java.lang.reflect.Constructor.newInstanceWithCaller(Constructor.java:499)
	at java.base/java.lang.reflect.Constructor.newInstance(Constructor.java:483)
	at org.openqa.selenium.remote.codec.w3c.W3CHttpResponseCodec.createException(W3CHttpResponseCodec.java:200)
	at org.openqa.selenium.remote.codec.w3c.W3CHttpResponseCodec.decode(W3CHttpResponseCodec.java:133)
	at org.openqa.selenium.remote.codec.w3c.W3CHttpResponseCodec.decode(W3CHttpResponseCodec.java:53)
	at org.openqa.selenium.remote.HttpCommandExecutor.execute(HttpCommandExecutor.java:193)
	at org.openqa.selenium.remote.RemoteWebDriver.execute(RemoteWebDriver.java:543)
	at org.openqa.selenium.remote.RemoteWebDriver.get(RemoteWebDriver.java:297)
	at org.openqa.selenium.remote.RemoteWebDriver$RemoteNavigation.to(RemoteWebDriver.java:982)
	at com.codeborne.selenide.drivercommands.Navigator.lambda$navigateTo$0(Navigator.java:74)
	at com.codeborne.selenide.logevents.SelenideLogger.run(SelenideLogger.java:105)
	at com.codeborne.selenide.drivercommands.Navigator.navigateTo(Navigator.java:70)
	at com.codeborne.selenide.drivercommands.Navigator.open(Navigator.java:32)
	at com.codeborne.selenide.SelenideDriver.open(SelenideDriver.java:101)
	at com.codeborne.selenide.Selenide.open(Selenide.java:52)
	at com.yakushkin.onliner.pageobject.ProductPage.openByUrl(ProductPage.java:18)
	at com.yakushkin.cucumber.testng.step.ShoppingCartStep.userOpenedAnyProductPage(ShoppingCartStep.java:28)
	at ✽.the user opened any product page "https://catalog.onliner.by/mobile/xiaomi/mi1312256gllg"(classpath:com/yakushkin/cucumber/testng/feature/addItemToShopCart.feature:6)

  When the user clicks on "В корзину" button from any supplier                                    # com.yakushkin.cucumber.testng.step.ShoppingCartStep.userClicksOnButton(java.lang.String)
  And the user close recommended sidebar if it displayed                                          # com.yakushkin.cucumber.testng.step.ShoppingCartStep.userCloseRecommendedSideBar()
  And the user click on shopping cart icon                                                        # com.yakushkin.cucumber.testng.step.ShoppingCartStep.userClickOnShoppingCartIcon()
  Then the shopping cart contains the previously selected product                                 # com.yakushkin.cucumber.testng.step.ShoppingCartStep.verifyShoppingCartContainsThePreviouslySelectedProduct()
  Then the product page contains button with "В корзине" name for previously selected supplier    # com.yakushkin.cucumber.testng.step.ShoppingCartStep.verifyProductPageContainsButtonWithName(java.lang.String)

    Embedding Shopping cart should contains selected product by click on 'В корзину' button [image/png 149255 bytes]

]]></system-out>
  </testcase>
</testsuite>